added manifest
adding: .gitignore(in = 84) (out= 67)(deflated 20%)
adding: GUI.class(in = 865) (out= 548)(deflated 36%)
adding: Pictures/(in = 0) (out= 0)(stored 0%)
adding: Pictures/EmptyConnect.png(in = 9800) (out= 9805)(deflated 0%)
adding: Pictures/Java UI.jpg(in = 334223) (out= 332937)(deflated 0%)
adding: Pictures/Java UI2.jpg(in = 165936) (out= 165330)(deflated 0%)
adding: Pictures/JavaArabicUI.jpg(in = 332093) (out= 330883)(deflated 0%)
adding: Pictures/JavaGameBackround.jpg(in = 267654) (out= 266615)(deflated 0%)
adding: Pictures/JavaMainUI.jpg(in = 182799) (out= 177805)(deflated 2%)
adding: Pictures/JavaMenu.jpg(in = 321371) (out= 320042)(deflated 0%)
adding: Pictures/OrangeConnect.png(in = 9561) (out= 9566)(deflated 0%)
adding: Pictures/PurpleConnect.png(in = 9548) (out= 9553)(deflated 0%)
adding: Pictures/settingsIcon.jpg(in = 2033) (out= 2038)(deflated 0%)
adding: main/(in = 0) (out= 0)(stored 0%)
adding: main/ArabicMenu$1.class(in = 656) (out= 428)(deflated 34%)
adding: main/ArabicMenu$2.class(in = 887) (out= 566)(deflated 36%)
adding: main/ArabicMenu.class(in = 2540) (out= 1464)(deflated 42%)
adding: main/CustomButton.class(in = 2231) (out= 1199)(deflated 46%)
adding: main/EnglishMenu$1.class(in = 612) (out= 404)(deflated 33%)
adding: main/EnglishMenu$2.class(in = 1016) (out= 637)(deflated 37%)
adding: main/EnglishMenu.class(in = 2379) (out= 1391)(deflated 41%)
adding: main/GUI.class(in = 1837) (out= 1131)(deflated 38%)
adding: main/Game$1.class(in = 1553) (out= 968)(deflated 37%)
adding: main/Game$2.class(in = 630) (out= 427)(deflated 32%)
adding: main/Game$3.class(in = 577) (out= 396)(deflated 31%)
adding: main/Game$4.class(in = 1340) (out= 726)(deflated 45%)
adding: main/Game.class(in = 4714) (out= 2735)(deflated 41%)
adding: main/MenuButtons.class(in = 1327) (out= 705)(deflated 46%)
adding: main/Settings$1.class(in = 1351) (out= 762)(deflated 43%)
adding: main/Settings$2.class(in = 1352) (out= 760)(deflated 43%)
adding: main/Settings.class(in = 1646) (out= 1037)(deflated 36%)
adding: main/settings_ICON.jpg(in = 1086) (out= 1091)(deflated 0%)
